<?xml version="1.0" encoding="UTF-8"?>
<testng-results ignored="0" total="1" passed="1" failed="0" skipped="0">
  <reporter-output>
  </reporter-output>
  <suite started-at="2020-09-13T16:45:59Z" name="Default suite" finished-at="2020-09-13T16:46:19Z" duration-ms="19955">
    <groups>
    </groups>
    <test started-at="2020-09-13T16:45:59Z" name="Default test" finished-at="2020-09-13T16:46:19Z" duration-ms="19955">
      <class name="TestProject.test.TestShaadi">
        <test-method is-config="true" signature="setup()[pri:0, instance:TestProject.test.TestShaadi@4f638935]" started-at="2020-09-13T16:45:59Z" name="setup" finished-at="2020-09-13T16:46:08Z" duration-ms="8438" status="PASS">
          <reporter-output>
          </reporter-output>
        </test-method> <!-- setup -->
        <test-method signature="test()[pri:0, instance:TestProject.test.TestShaadi@4f638935]" started-at="2020-09-13T16:46:08Z" name="test" finished-at="2020-09-13T16:46:15Z" duration-ms="6608" status="PASS">
          <reporter-output>
          </reporter-output>
        </test-method> <!-- test -->
        <test-method is-config="true" signature="exit()[pri:0, instance:TestProject.test.TestShaadi@4f638935]" started-at="2020-09-13T16:46:15Z" name="exit" finished-at="2020-09-13T16:46:19Z" duration-ms="4886" status="PASS">
          <reporter-output>
          </reporter-output>
        </test-method> <!-- exit -->
      </class> <!-- TestProject.test.TestShaadi -->
    </test> <!-- Default test -->
  </suite> <!-- Default suite -->
</testng-results>
